                           d8b                            888
                           Y8P                            888
                                                          888
88888b.  888  888 .d8888b  888 .d8888b  888  888 88888b.  88888b.  888  888 .d8888b
888 "88b 888  888 88K      888 88K      888  888 888 "88b 888 "88b 888  888 88K
888  888 888  888 "Y8888b. 888 "Y8888b. 888  888 888  888 888  888 888  888 "Y8888b.
888 d88P Y88b 888      X88 888      X88 Y88b 888 888 d88P 888  888 Y88b 888      X88
88888P"   "Y88888  88888P' 888  88888P'  "Y88888 88888P"  888  888  "Y88888  88888P'
888           888                            888 888
888      Y8b d88P                       Y8b d88P 888
888       "Y88P"                         "Y88P"  888                            

Version 0.4rc7+201.ge81cc3f

{'calc': {'adapt_args': [0.75, 0.3, 0.6],
          'cdds': 'calc',
          'charge': 0,
          'gen': 'C N O H 0\n'
                 '6-31G(d)\n'
                 '****\n'
                 'Pt  0\n'
                 'MWB60\n'
                 '****\n'
                 '\n'
                 'Pt 0\n'
                 'MWB60\n',
          'mem': 4176,
          'mult': 1,
          'ovlp_type': 'wf',
          'ovlp_with': 'adapt',
          'pal': 24,
          'route': 'b3lyp genecp int=ultrafine '
                   'scrf=(iefpcm,solvent=dichloromethane) '
                   'empiricaldispersion=GD3BJ '
                   'td=(triplets,nstates=10,conver=3,root=4) 5d '
                   'scf=maxcycle=2000 '
                   'iop(6/7=3,3/76=1000003500,3/77=0585006500,3/78=0810010000)',
          'track': True,
          'type': 'g16'},
 'coord_type': 'redund',
 'interpol': {'between': 0, 'type': None},
 'opt': {'dump': True,
         'max_cycles': 1000,
         'thresh': 'gau_tight',
         'trust_max': 0.3,
         'trust_radius': 0.05,
         'type': 'rfo'},
 'xyz': 'Pt-phen-TPA-OMe-vertical-trip.xyz'}

Read 1 geometries.
                            ########################
                            # RUNNING OPTIMIZATION #
                            ########################
Spent 0.0 s preparing the first cycle.
cycle   max(force)    rms(force)     max(step)     rms(step)       s/cycle
    0     0.018742     0.002673     0.014017     0.002232       2117.4
    1     0.015806     0.002417     0.020481     0.004463       2166.4
    2     0.024070     0.003506     0.062951     0.008926       2263.6
    3     0.011581     0.002170     0.079546     0.013390       2287.6
    4     0.026105     0.004174     0.076557     0.010272       4485.9
Energy increased by 0.003618 au! Cur. trust=0.300000.
    5     0.024197     0.003305     0.028143     0.004463       4363.1
Energy increased by 0.000350 au! Cur. trust=0.100000.
    6     0.015498     0.001921     0.026798     0.004463       2188.7
    7     0.004587     0.000721     0.048735     0.006335       2181.6
    8     0.004395     0.000674     0.031687     0.003648       2142.5
Energy increased by 0.000350 au! Cur. trust=0.200000.
    9     0.002694     0.000277     0.029889     0.002601       2111.4
   10     0.002941     0.000295     0.020117     0.002203       2111.8
   11     0.000766     0.000100     0.022152     0.001981       2096.1
   12     0.000389     0.000057     0.022018     0.001967       2084.7
   13     0.000312     0.000047     0.005709     0.000583       2072.9
Energy increased by 0.000006 au! Cur. trust=0.100000.
   14     0.000174     0.000022     0.000929     0.000141       2067.1
Energy increased by 0.000011 au! Cur. trust=0.100000.
   15     0.000086     0.000011     0.001159     0.000102       2066.1
Energy increased by 0.000004 au! Cur. trust=0.100000.
   16     0.000043     0.000007     0.000872     0.000083       2057.1
   17     0.000022     0.000004     0.000141     0.000026       2045.0
   18     0.000015     0.000002     0.000516     0.000043       2046.8
Energy increased by 0.000004 au! Cur. trust=0.100000.
   19     0.000008     0.000001     0.000133     0.000013       2039.1
Energy increased by 0.000000 au! Cur. trust=0.100000.
   20     0.000004     0.000000     0.000074     0.000008       2032.4
   21     0.000001     0.000000     0.000089     0.000011       2016.5
   22     0.000001     0.000000     0.000087     0.000013       2033.3
Energy increased by 0.000004 au! Cur. trust=0.100000.
   23     0.000002     0.000000     0.000119     0.000017       2021.9
   24     0.000002     0.000000     0.000894     0.000126       2037.2
   25     0.000009     0.000001     0.000118     0.000010       2046.9
Energy increased by 0.000000 au! Cur. trust=0.100000.
   26     0.000008     0.000001     0.000465     0.000065       2032.8
   27     0.000005     0.000000     0.001431     0.000199       2042.9
   28     0.000004     0.000001     0.001571     0.000220       2040.8
Energy increased by 0.000000 au! Cur. trust=0.100000.
   29     0.000004     0.000001     0.001289     0.000180       2041.3
   30     0.000002     0.000000     0.000094     0.000012       2046.1
   31     0.000001     0.000000     0.000566     0.000079       2017.6
   32     0.000001     0.000000     0.000065     0.000009       2048.1
Energy increased by 0.000000 au! Cur. trust=0.100000.
   33     0.000001     0.000000     0.000115     0.000013       2020.4
   34     0.000001     0.000000     0.000054     0.000005       2033.4
Converged!

Final summary:
            	max(forces,internal): 0.000001 hartree/(bohr,rad)
            	rms(forces,internal): 0.000000 hartree/(bohr,rad)
        	max(forces,cartesian): 0.000085 hartree/bohr
        	rms(forces,cartesian): 0.000019 hartree/bohr
        	energy: -2363.23648294 hartree
Wrote final, hopefully optimized, geometry to 'final_geometry.xyz'
pysisyphus run took 79573s.
