                           d8b                            888
                           Y8P                            888
                                                          888
88888b.  888  888 .d8888b  888 .d8888b  888  888 88888b.  88888b.  888  888 .d8888b
888 "88b 888  888 88K      888 88K      888  888 888 "88b 888 "88b 888  888 88K
888  888 888  888 "Y8888b. 888 "Y8888b. 888  888 888  888 888  888 888  888 "Y8888b.
888 d88P Y88b 888      X88 888      X88 Y88b 888 888 d88P 888  888 Y88b 888      X88
88888P"   "Y88888  88888P' 888  88888P'  "Y88888 88888P"  888  888  "Y88888  88888P'
888           888                            888 888
888      Y8b d88P                       Y8b d88P 888
888       "Y88P"                         "Y88P"  888                            

Version 0.4rc7+306.g52f351e

{'calc': {'adapt_args': [0.5, 0.3, 0.6],
          'cdds': 'render',
          'control_path': '/scratch/projekte/01_pysisyphus_paper/09_cytosin_s1_reopt/control_pbe0_clean',
          'mem': 1000,
          'orient': 'reset;center {-3.5575373 2.2096293 1.4794437E-5}; rotate '
                    'z -0.1; rotate y 24.48; rotate z 88.47;',
          'ovlp_type': 'wf',
          'ovlp_with': 'adapt',
          'pal': 4,
          'track': True,
          'type': 'turbomole'},
 'coord_type': 'redund',
 'interpol': {'between': 0, 'type': None},
 'opt': {'dump': True,
         'max_cycles': 50,
         'overachieve_factor': 3,
         'thresh': 'gau',
         'type': 'rfo'},
 'xyz': 'cytosin.xyz'}

Read 1 geometries.
                            ########################
                            # RUNNING OPTIMIZATION #
                            ########################
Spent 0.0 s preparing the first cycle.
cycle   max(force)    rms(force)     max(step)     rms(step)       s/cycle
    0     0.070884     0.017662     0.104890     0.027929         14.7
    1     0.028679     0.008784     0.053031     0.015976         27.3
    2     0.017140     0.003119     0.032623     0.007857         42.1
Energy increased by 0.040226 au! Cur. trust=0.500000.
    3     0.004201     0.001099     0.009870     0.002615         23.7
    4     0.000887     0.000300     0.002872     0.001006         22.8
    5     0.000494     0.000180     0.010038     0.002613         21.7
    6     0.000227     0.000063     0.000885     0.000282         22.7
Converged!

Final summary:
            	max(forces,internal): 0.000227 hartree/(bohr,rad)
            	rms(forces,internal): 0.000063 hartree/(bohr,rad)
        	max(forces,cartesian): 0.000217 hartree/bohr
        	rms(forces,cartesian): 0.000081 hartree/bohr
        	energy: -394.06126442 hartree
Wrote final, hopefully optimized, geometry to 'final_geometry.xyz'
pysisyphus run took 197s.
