                           d8b                            888
                           Y8P                            888
                                                          888
88888b.  888  888 .d8888b  888 .d8888b  888  888 88888b.  88888b.  888  888 .d8888b
888 "88b 888  888 88K      888 88K      888  888 888 "88b 888 "88b 888  888 88K
888  888 888  888 "Y8888b. 888 "Y8888b. 888  888 888  888 888  888 888  888 "Y8888b.
888 d88P Y88b 888      X88 888      X88 Y88b 888 888 d88P 888  888 Y88b 888      X88
88888P"   "Y88888  88888P' 888  88888P'  "Y88888 88888P"  888  888  "Y88888  88888P'
888           888                            888 888
888      Y8b d88P                       Y8b d88P 888
888       "Y88P"                         "Y88P"  888                            

Version 0.4rc7+201.ge81cc3f

{'calc': {'adapt_args': [0.75, 0.3, 0.6],
          'cdds': 'calc',
          'charge': 0,
          'gen': 'C N H 0\n6-31G(d)\n****\nPt  0\nMWB60\n****\n\nPt 0\nMWB60\n',
          'mem': 4176,
          'mult': 1,
          'ovlp_type': 'wf',
          'ovlp_with': 'adapt',
          'pal': 24,
          'route': 'b3lyp genecp int=ultrafine '
                   'scrf=(iefpcm,solvent=dichloromethane) '
                   'empiricaldispersion=GD3BJ '
                   'td=(triplets,nstates=25,conver=3,root=10) 5d '
                   'scf=maxcycle=2000 '
                   'iop(6/7=3,3/76=1000003500,3/77=0585006500,3/78=0810010000)',
          'track': True,
          'type': 'g16'},
 'coord_type': 'redund',
 'interpol': {'between': 0, 'type': None},
 'opt': {'dump': True,
         'max_cycles': 1000,
         'thresh': 'gau_tight',
         'trust_max': 0.3,
         'trust_radius': 0.05,
         'type': 'rfo'},
 'xyz': 'Pt-phen-TPA-CN-vertical-trip.xyz'}

Read 1 geometries.
                            ########################
                            # RUNNING OPTIMIZATION #
                            ########################
Spent 0.0 s preparing the first cycle.
cycle   max(force)    rms(force)     max(step)     rms(step)       s/cycle
    0     0.024237     0.002847     0.020497     0.002301       2666.7
    1     0.015755     0.002626     0.028008     0.004603       2890.0
    2     0.026218     0.003274     0.050746     0.009206       5780.3
Energy increased by 0.013237 au! Cur. trust=0.200000.
    3     0.009438     0.001971     0.030993     0.004603       2933.7
    4     0.017462     0.002209     0.080727     0.009206       3055.6
    5     0.013525     0.002301     0.026702     0.004603       2766.8
    6     0.019544     0.002247     0.025669     0.004603       2773.2
    7     0.008486     0.001149     0.028010     0.004603       2717.8
Energy increased by 0.000802 au! Cur. trust=0.100000.
    8     0.006530     0.000918     0.038684     0.004603       2745.9
Energy increased by 0.000524 au! Cur. trust=0.100000.
    9     0.007476     0.001019     0.023253     0.003738       2737.5
   10     0.003514     0.000523     0.043016     0.004603       2703.0
   11     0.001155     0.000190     0.016922     0.001420       2721.3
   12     0.001253     0.000159     0.016316     0.001555       2717.3
   13     0.000378     0.000059     0.004215     0.000413       2705.6
   14     0.000225     0.000028     0.003998     0.000320       2696.2
   15     0.000077     0.000013     0.001435     0.000149       2682.8
Energy increased by 0.000015 au! Cur. trust=0.200000.
   16     0.000044     0.000007     0.000600     0.000073       2682.0
   17     0.000016     0.000003     0.000403     0.000049       2662.0
   18     0.000010     0.000002     0.000311     0.000046       2657.9
   19     0.000014     0.000002     0.000647     0.000092       2655.3
   20     0.000010     0.000002     0.001243     0.000177       2652.1
   21     0.000020     0.000003     0.003482     0.000489       2657.6
   22     0.000047     0.000007     0.002770     0.000392       2668.1
   23     0.000042     0.000006     0.009629     0.001368       2661.5
Energy increased by 0.000004 au! Cur. trust=0.100000.
   24     0.000023     0.000004     0.006070     0.000866       2810.5
   25     0.000017     0.000003     0.000964     0.000151       2795.4
   26     0.000011     0.000002     0.000563     0.000079       2794.5
   27     0.000007     0.000001     0.000404     0.000051       2799.1
Energy increased by 0.000000 au! Cur. trust=0.100000.
   28     0.000005     0.000001     0.000465     0.000054       2782.8
   29     0.000004     0.000001     0.001114     0.000125       2787.4
Energy increased by 0.000000 au! Cur. trust=0.100000.
   30     0.000007     0.000001     0.001399     0.000157       2794.5
   31     0.000012     0.000002     0.004265     0.000467       2799.1
   32     0.000029     0.000004     0.004577     0.000505       2845.3
   33     0.000030     0.000004     0.012853     0.001466       2858.5
   34     0.000026     0.000004     0.007679     0.000863       2851.4
   35     0.000027     0.000003     0.001110     0.000148       2860.7
   36     0.000006     0.000001     0.007148     0.000816       2848.2
   37     0.000007     0.000001     0.002676     0.000294       2845.7
Energy increased by 0.000000 au! Cur. trust=0.100000.
   38     0.000004     0.000000     0.001519     0.000205       2856.1
   39     0.000002     0.000000     0.001319     0.000144       2853.6
Energy increased by 0.000000 au! Cur. trust=0.100000.
   40     0.000001     0.000000     0.000130     0.000018       2859.5
   41     0.000001     0.000000     0.001154     0.000154       2841.3
Energy increased by 0.000000 au! Cur. trust=0.100000.
   42     0.000000     0.000000     0.000028     0.000004       2846.2
Converged!

Final summary:
            	max(forces,internal): 0.000001 hartree/(bohr,rad)
            	rms(forces,internal): 0.000000 hartree/(bohr,rad)
        	max(forces,cartesian): 0.000244 hartree/bohr
        	rms(forces,cartesian): 0.000032 hartree/bohr
        	energy: -2318.62547799 hartree
Wrote final, hopefully optimized, geometry to 'final_geometry.xyz'
pysisyphus run took 125203s.
