                           d8b                            888
                           Y8P                            888
                                                          888
88888b.  888  888 .d8888b  888 .d8888b  888  888 88888b.  88888b.  888  888 .d8888b
888 "88b 888  888 88K      888 88K      888  888 888 "88b 888 "88b 888  888 88K
888  888 888  888 "Y8888b. 888 "Y8888b. 888  888 888  888 888  888 888  888 "Y8888b.
888 d88P Y88b 888      X88 888      X88 Y88b 888 888 d88P 888  888 Y88b 888      X88
88888P"   "Y88888  88888P' 888  88888P'  "Y88888 88888P"  888  888  "Y88888  88888P'
888           888                            888 888
888      Y8b d88P                       Y8b d88P 888
888       "Y88P"                         "Y88P"  888                            

Version 0.4rc7+306.g52f351e

{'calc': {'adapt_args': [0.5, 0.3, 0.6],
          'cdds': 'render',
          'control_path': 'control_pbe0_clean_s2',
          'mem': 1000,
          'orient': 'reset;center {-3.5575373 2.2096293 1.4794437E-5}; rotate '
                    'z -0.1; rotate y 24.48; rotate z 88.47;',
          'ovlp_type': 'wf',
          'ovlp_with': 'adapt',
          'pal': 4,
          'track': True,
          'type': 'turbomole'},
 'coord_type': 'redund',
 'interpol': {'between': 0, 'type': None},
 'opt': {'dump': True,
         'max_cycles': 50,
         'overachieve_factor': 3,
         'thresh': 'gau',
         'type': 'rfo'},
 'xyz': 'cytosin.xyz'}

Read 1 geometries.
                            ########################
                            # RUNNING OPTIMIZATION #
                            ########################
Spent 0.0 s preparing the first cycle.
cycle   max(force)    rms(force)     max(step)     rms(step)       s/cycle
    0     0.067836     0.016809     0.103476     0.029354         14.7
    1     0.018504     0.005606     0.063302     0.018317         37.9
Energy increased by 0.015909 au! Cur. trust=0.500000.
    2     0.013128     0.003948     0.063959     0.016704         22.6
    3     0.009588     0.002662     0.012518     0.004183         22.2
    4     0.002464     0.000800     0.006512     0.002027         20.7
    5     0.001075     0.000358     0.005041     0.001873         22.4
    6     0.000510     0.000146     0.008636     0.002433         20.6
Energy increased by 0.000002 au! Cur. trust=0.250000.
    7     0.000250     0.000089     0.001827     0.000665         20.1
    8     0.000154     0.000044     0.001287     0.000319         19.5
Converged!

Final summary:
            	max(forces,internal): 0.000154 hartree/(bohr,rad)
            	rms(forces,internal): 0.000044 hartree/(bohr,rad)
        	max(forces,cartesian): 0.000246 hartree/bohr
        	rms(forces,cartesian): 0.000092 hartree/bohr
        	energy: -394.05413764 hartree
Wrote final, hopefully optimized, geometry to 'final_geometry.xyz'
pysisyphus run took 201s.
