                           d8b                            888
                           Y8P                            888
                                                          888
88888b.  888  888 .d8888b  888 .d8888b  888  888 88888b.  88888b.  888  888 .d8888b
888 "88b 888  888 88K      888 88K      888  888 888 "88b 888 "88b 888  888 88K
888  888 888  888 "Y8888b. 888 "Y8888b. 888  888 888  888 888  888 888  888 "Y8888b.
888 d88P Y88b 888      X88 888      X88 Y88b 888 888 d88P 888  888 Y88b 888      X88
88888P"   "Y88888  88888P' 888  88888P'  "Y88888 88888P"  888  888  "Y88888  88888P'
888           888                            888 888
888      Y8b d88P                       Y8b d88P 888
888       "Y88P"                         "Y88P"  888                            

Version 0.4rc7+289.g6213725

{'calc': {'charge': 0,
          'keywords': 'cam-b3lyp tightscf def2-svp rijcosx d3bj grid4 '
                      'finalgrid5 gridx6',
          'mult': 1,
          'pal': 8,
          'type': 'orca'},
 'coord_type': 'dlc',
 'cos': {'fix_ends': True, 'max_nodes': 11, 'type': 'gs'},
 'interpol': {'between': 0, 'type': None},
 'irc': {'corr_func': 'scipy',
         'hessian_recalc': 10,
         'opt_ends': 'fragments',
         'rms_grad_thresh': 0.001,
         'step_length': 0.1,
         'type': 'eulerpc'},
 'opt': {'align': False,
         'dump': True,
         'gamma': 1.0,
         'stop_in_when_full': 0,
         'type': 'string'},
 'preopt': {'coord_type': 'redund',
            'dump': True,
            'max_cycles': 5,
            'preopt': 'both',
            'strict': False,
            'thresh': 'gau_loose',
            'trust_max': 0.3,
            'type': 'rfo'},
 'tsopt': {'do_hess': True,
           'dump': True,
           'hessian_recalc': 5,
           'overachieve_factor': 3,
           'thresh': 'gau_tight',
           'type': 'rsirfo'},
 'xyz': ['split.image_000.xyz', 'split.image_056.xyz']}

Read 2 geometries.
                       ##################################
                       # RUNNING FIRST PREOPTIMIZATION. #
                       ##################################
Spent 0.0 s preparing the first cycle.
cycle   max(force)    rms(force)     max(step)     rms(step)       s/cycle
    0     0.032793     0.004334     0.034401     0.007784         63.2
    1     0.002861     0.000540     0.015854     0.003594         54.9
    2     0.001736     0.000223     0.020821     0.004709         52.4
    3     0.001437     0.000185     0.011097     0.002181         52.1
    4     0.000861     0.000125     0.020091     0.004016         46.7
Number of cycles exceeded!
Final summary:
            	max(forces,internal): 0.000316 hartree/(bohr,rad)
            	rms(forces,internal): 0.000057 hartree/(bohr,rad)
        	max(forces,cartesian): 0.000968 hartree/bohr
        	rms(forces,cartesian): 0.000189 hartree/bohr
        	energy: -1105.56735138 hartree
Wrote final, hopefully optimized, geometry to 'first_prefinal_geometry.xyz'
Preoptimization of first geometry converged!
Saved final preoptimized structure to 'first_preopt.xyz'.

                       #################################
                       # RUNNING LAST PREOPTIMIZATION. #
                       #################################
Spent 0.0 s preparing the first cycle.
cycle   max(force)    rms(force)     max(step)     rms(step)       s/cycle
    0     0.031431     0.004219     0.150740     0.015964         58.3
    1     0.003983     0.000706     0.179770     0.020148         56.8
Energy increased by 0.000047 au! Cur. trust=0.300000.
    2     0.001760     0.000231     0.056365     0.007001         56.7
    3     0.001265     0.000210     0.101775     0.013281         49.5
    4     0.000549     0.000141     0.060505     0.009169         54.5
Number of cycles exceeded!
Final summary:
            	max(forces,internal): 0.001001 hartree/(bohr,rad)
            	rms(forces,internal): 0.000136 hartree/(bohr,rad)
        	max(forces,cartesian): 0.001454 hartree/bohr
        	rms(forces,cartesian): 0.000314 hartree/bohr
        	energy: -1105.56353304 hartree
Wrote final, hopefully optimized, geometry to 'last_prefinal_geometry.xyz'
Preoptimization of last geometry converged!
Saved final preoptimized structure to 'last_preopt.xyz'.


Read 2 geometries.
                           #########################
                           # RUNNING GROWINGSTRING #
                           #########################
Path with 2 moving images.
Spent 0.0 s preparing the first cycle.
cycle   max(force)    rms(force)     max(step)     rms(step)       s/cycle
    0     0.025585     0.007747     0.025585     0.007747        243.9
	String=2+2 HEI=02/04 (E_max-E_0)=54.9 kJ/mol
    1     0.021929     0.007136     0.043636     0.013675        108.4
	String=2+2 HEI=03/04 (E_max-E_0)=56.3 kJ/mol
    2     0.018622     0.005754     0.043539     0.014425        110.4
	String=2+2 HEI=03/04 (E_max-E_0)=44.7 kJ/mol
    3     0.016164     0.004312     0.039624     0.012052        106.3
	String=2+2 HEI=03/04 (E_max-E_0)=35.3 kJ/mol
    4     0.028920     0.006691     0.028920     0.006691        233.2
	String=3+3 HEI=04/06 (E_max-E_0)=132.0 kJ/mol
    5     0.026814     0.006167     0.051320     0.011827        212.5
	String=3+3 HEI=04/06 (E_max-E_0)=125.0 kJ/mol
    6     0.023088     0.005361     0.061862     0.014171        215.4
	String=3+3 HEI=04/06 (E_max-E_0)=111.1 kJ/mol
    7     0.019880     0.004414     0.061133     0.013811        208.4
	String=3+3 HEI=04/06 (E_max-E_0)=98.1 kJ/mol
    8     0.016982     0.003442     0.053424     0.011567        211.0
	String=3+3 HEI=04/06 (E_max-E_0)=89.5 kJ/mol
    9     0.029005     0.005937     0.029005     0.005937        325.6
	String=4+4 HEI=05/08 (E_max-E_0)=222.9 kJ/mol
   10     0.028296     0.005442     0.052664     0.010393        300.3
	String=4+4 HEI=05/08 (E_max-E_0)=217.5 kJ/mol
   11     0.026768     0.004913     0.069693     0.013184        299.8
	String=4+4 HEI=05/08 (E_max-E_0)=207.9 kJ/mol
   12     0.024612     0.004443     0.081592     0.014899        301.6
	String=4+4 HEI=05/08 (E_max-E_0)=198.7 kJ/mol
   13     0.021740     0.003807     0.081669     0.014424        304.1
	String=4+4 HEI=05/08 (E_max-E_0)=190.2 kJ/mol
   14     0.031575     0.005668     0.031575     0.005668        427.4
	String=5+5 HEI=06/10 (E_max-E_0)=358.2 kJ/mol
   15     0.029449     0.005268     0.056721     0.010130        392.4
	String=5+5 HEI=06/10 (E_max-E_0)=353.6 kJ/mol
   16     0.025542     0.004881     0.074242     0.013404        398.2
	String=5+5 HEI=06/10 (E_max-E_0)=346.8 kJ/mol
   17     0.023655     0.004613     0.086736     0.016285        417.6
	String=5+5 HEI=06/10 (E_max-E_0)=340.8 kJ/mol
   18     0.020925     0.004235     0.087479     0.017663        414.0
	String=5+5 HEI=06/10 (E_max-E_0)=334.5 kJ/mol
   19     0.020112     0.003861     0.085398     0.018188        406.3
	String=5+5 HEI=06/10 (E_max-E_0)=330.1 kJ/mol
   20     0.019608     0.003636     0.094234     0.019287        406.3
	String=5+5 HEI=06/10 (E_max-E_0)=328.3 kJ/mol
   21     0.027799     0.004975     0.027799     0.004975        547.3
	String=6+6 HEI=07/12 (E_max-E_0)=508.3 kJ/mol
   22     0.026895     0.004607     0.050726     0.008837        491.3
	String=6+6 HEI=07/12 (E_max-E_0)=502.6 kJ/mol
   23     0.024926     0.004293     0.068989     0.011790        500.5
	String=6+6 HEI=07/12 (E_max-E_0)=498.0 kJ/mol
   24     0.022094     0.004150     0.086564     0.014843        557.1
	String=6+6 HEI=07/12 (E_max-E_0)=494.8 kJ/mol
   25     0.021328     0.003932     0.095890     0.016908        603.9
	String=6+6 HEI=07/12 (E_max-E_0)=491.2 kJ/mol
   26     0.020074     0.003645     0.096098     0.017844        586.6
	String=6+6 HEI=07/12 (E_max-E_0)=487.6 kJ/mol
   27     0.018659     0.003436     0.100000     0.018899        610.0
	String=6+6 HEI=07/12 (E_max-E_0)=485.4 kJ/mol
   28     0.023985     0.003803     0.023985     0.003803        709.9
	String=Full HEI=08/13 (E_max-E_0)=482.2 kJ/mol
Converged!

Wrote final, hopefully optimized, geometry to 'final_geometries.trj'
Wrote splined HEI to 'splined_hei.xyz'

                      ####################################
                      # RUNNING TS-OPTIMIZATION FROM COS #
                      ####################################
Index of highest energy image (HEI) is 7.
Splined HEI (TS guess)
30

  C -2.58949122  2.01232029 -0.53643480
  C -2.56135133  1.18517994  0.57943294
  C -1.66315815  0.12866951  0.60561886
  C -0.83992603 -0.16787639 -0.49909548
  C -0.95911557  0.61518045 -1.67653119
  C -1.77091393  1.73759391 -1.63715353
  H -3.19832168  1.39468722  1.44025471
  H -1.55736928 -0.46837879  1.51234948
  H -0.36568049  0.38433335 -2.56361259
  H -1.77913883  2.41812458 -2.49246338
  C -1.14779313 -2.20221504 -0.90081244
  H -2.20059141 -2.37147808 -0.64405639
  H -0.93287357 -2.04171310 -1.95713823
  N -0.20986846 -2.83095234 -0.23043044
  H -0.36175066 -3.58516973  0.43354845
  S  1.52633667 -2.29581282 -0.76067577
  O  2.28811288 -3.50350395 -0.41863815
  O  1.37815369 -1.96098182 -2.19124157
  C  0.87454391 -0.13604454  0.21454549
  C  0.96177940 -0.37111521  1.59039870
  C  1.61818409  0.88939242 -0.36927287
  C  1.77930125  0.43302112  2.37297798
  H  0.41760904 -1.19972713  2.04829081
  C  2.43770365  1.68333534  0.42919619
  H  1.56193287  1.06861211 -1.44123018
  C  2.52083207  1.47068633  1.80430126
  H  1.84027146  0.23491159  3.44612430
  H  3.01080882  2.48968155 -0.03442933
  H -3.24090320  2.88872521 -0.54636038
  H  3.16267715  2.10051403  2.42253754
Wrote splined HEI coordinates to 'splined_hei.xyz'
Wrote splined HEI tangent to 'splined_hei_tangent'
Negative eigenvalues at splined HEI:
[-0.057077 -0.004739 -0.001521]
Overlaps between HEI tangent and imaginary modes:
	00: 0.930229
	01: 0.000903
	02: 0.082419
Imaginary mode 0 has highest overlap with splined HEI tangent.
Spent 0.3 s preparing the first cycle.
cycle   max(force)    rms(force)     max(step)     rms(step)       s/cycle
    0     0.024219     0.003284     0.148794     0.020954          0.2
    1     0.017270     0.002339     0.252762     0.041909         79.9
    2     0.009325     0.001546     0.434183     0.069911         84.7
    3     0.013042     0.001884     0.244489     0.065253         78.7
    4     0.021264     0.001984     0.232534     0.049409       1130.1
    5     0.003794     0.000558     0.437917     0.062984         86.4
    6     0.002023     0.000402     0.590758     0.069853         78.0
    7     0.004559     0.000785     0.358949     0.039426         78.0
    8     0.001948     0.000357     0.522926     0.064451         71.5
    9     0.004017     0.000605     0.129736     0.024314       1033.6
   10     0.000413     0.000099     0.230032     0.028324         74.6
   11     0.000266     0.000063     0.190594     0.024356         72.7
   12     0.000219     0.000044     0.070081     0.009721         69.1
   13     0.000080     0.000015     0.010070     0.001575         64.4
Energy increased by 0.000000 au! Cur. trust=0.250000.
   14     0.000016     0.000004     0.001137     0.000253        996.6
   15     0.000004     0.000001     0.050250     0.007021         50.4
Converged!

Final summary:
            	max(forces,internal): 0.000004 hartree/(bohr,rad)
            	rms(forces,internal): 0.000001 hartree/(bohr,rad)
        	max(forces,cartesian): 0.000061 hartree/bohr
        	rms(forces,cartesian): 0.000025 hartree/bohr
        	energy: -1105.41996298 hartree
Wrote final, hopefully optimized, geometry to 'ts_final_geometry.xyz'
Optimized TS coords:
30
-1105.419962983225 , 
  C -2.51895926  1.96685549 -1.02682208
  C -2.54920049  1.43917117  0.28017451
  C -1.78149881  0.35806022  0.60328248
  C -0.87787554 -0.29537348 -0.34582606
  C -0.95824198  0.25412535 -1.69703482
  C -1.73669224  1.35015309 -2.00267069
  H -3.17548616  1.90801592  1.04131014
  H -1.76783799 -0.00315912  1.63416546
  H -0.35372952 -0.21334708 -2.47495885
  H -1.73794881  1.73378872 -3.02477335
  C -1.14986756 -1.89390518 -0.33152824
  H -1.51294000 -2.15576296  0.67160648
  H -1.97793007 -2.04309744 -1.03443736
  N -0.02237491 -2.71091729 -0.67220634
  H  0.31637833 -3.26876029  0.10835246
  S  1.36993657 -1.81540828 -1.18492977
  O  2.51558091 -2.57482762 -0.67995395
  O  1.26079012 -1.54886086 -2.62849947
  C  0.68506581 -0.07149012  0.26944798
  C  0.99061391 -0.65430618  1.51613873
  C  1.34484204  1.12439908 -0.07820059
  C  1.93177260 -0.08116167  2.35739263
  H  0.49178586 -1.57405462  1.82839598
  C  2.30891057  1.66824928  0.75746356
  H  1.09161048  1.62577582 -1.01303182
  C  2.60906514  1.07932688  1.98499403
  H  2.14620070 -0.55565029  3.31746776
  H  2.82027240  2.58392544  0.45214107
  H -3.11701322  2.84592593 -1.27411275
  H  3.35477115  1.52231006  2.64665290
Wrote TS geometry to 'ts_opt.xyz'

Calculating hessian at final geometry.
... mass-weighing cartesian hessian
... doing eckart-projection

First 10 eigenvalues [-0.0033 -0.     -0.      0.      0.      0.      0.      0.0001  0.0002  0.0003]
Imaginary frequencies: [-293.91   -6.91] cm⁻¹

Wrote final (not mass-weighted) hessian to 'calculated_final_cart_hessian'.
	Barrier between TS and first COS image and : 387.0 kJ mol⁻¹
	Barrier between TS and last COS image and : 376.9 kJ mol⁻¹

                                ###############
                                # RUNNING IRC #
                                ###############
Calculating energy and gradient at the TS
IRC length in mw. coords, max(|grad|) and rms(grad) in unweighted coordinates.
Norm of initial displacement step: 0.2094

                               #################
                               # IRC - FORWARD #
                               #################

        Step   IRC length      dE / au  max(|grad|)    rms(grad)
        --------------------------------------------------------
           0     0.150955    -0.000128     0.006123     0.001172
           1     0.452123    -0.000475     0.005299     0.001182
           2     0.781665    -0.000811     0.004610     0.001163
           3     1.106967    -0.001010     0.004031     0.001221
           4     1.448908    -0.001187     0.005278     0.001401
           5     1.817210    -0.001398     0.007093     0.001617
           6     2.200886    -0.001619     0.008609     0.001857
           7     2.584930    -0.001897     0.010238     0.002196
           8     2.953376    -0.002328     0.012337     0.002750
           9     3.294102    -0.002989     0.015037     0.003566
          10     3.606992    -0.003867     0.020665     0.004549
          11     3.910518    -0.004793     0.026740     0.005481
          12     4.212196    -0.005551     0.030748     0.006130
          13     4.518656    -0.005956     0.031685     0.006357
          14     4.832964    -0.006006     0.030444     0.006273
          15     5.154729    -0.005839     0.028140     0.006018
          16     5.481742    -0.005556     0.025424     0.005681
          17     5.811663    -0.005223     0.022697     0.005317
          18     6.142540    -0.004881     0.020165     0.004960
          19     6.473115    -0.004552     0.017916     0.004625
          20     6.802871    -0.004246     0.016623     0.004322
          21     7.132104    -0.003972     0.015390     0.004045
          22     7.460691    -0.003719     0.014230     0.003790
          23     7.788571    -0.003487     0.013142     0.003555
          24     8.115688    -0.003273     0.012114     0.003340
          25     8.442051    -0.003076     0.011146     0.003139
          26     8.767398    -0.002893     0.010235     0.002954
          27     9.091559    -0.002724     0.009387     0.002783
          28     9.414242    -0.002567     0.008605     0.002625
          29     9.735180    -0.002422     0.007889     0.002479
          30    10.054000    -0.002289     0.007246     0.002347
          31    10.370897    -0.002168     0.006662     0.002224
          32    10.685577    -0.002056     0.006140     0.002110
          33    10.997953    -0.001952     0.005820     0.002005
          34    11.307958    -0.001856     0.005625     0.001907
          35    11.615558    -0.001767     0.005434     0.001815
          36    11.920608    -0.001682     0.005246     0.001729
          37    12.223066    -0.001603     0.005062     0.001649
          38    12.522965    -0.001528     0.004881     0.001573
          39    12.820434    -0.001459     0.004703     0.001500
          40    13.114983    -0.001391     0.004532     0.001435
          41    13.407959    -0.001332     0.004360     0.001372
          42    13.698799    -0.001272     0.004190     0.001310
          43    13.987439    -0.001215     0.004022     0.001251
          44    14.273909    -0.001160     0.003857     0.001194
          45    14.558247    -0.001107     0.003695     0.001138
          46    14.840372    -0.001056     0.003535     0.001085
          47    15.119691    -0.001005     0.003378     0.001033
          48    15.396657    -0.000958     0.003224     0.000983
        rms(grad) converged!

                               ##################
                               # IRC - BACKWARD #
                               ##################

        Step   IRC length      dE / au  max(|grad|)    rms(grad)
        --------------------------------------------------------
           0     0.160927    -0.000248     0.007014     0.001520
           1     0.472576    -0.001092     0.008327     0.001992
           2     0.794628    -0.002008     0.013097     0.002587
           3     1.123534    -0.002856     0.018581     0.003536
           4     1.464568    -0.003837     0.024310     0.004556
           5     1.810025    -0.004780     0.029461     0.005470
           6     2.156372    -0.005555     0.033201     0.006170
           7     2.502971    -0.006096     0.035135     0.006610
           8     2.849577    -0.006395     0.035489     0.006815
           9     3.195715    -0.006502     0.034748     0.006846
          10     3.540762    -0.006469     0.033272     0.006750
          11     3.884120    -0.006331     0.031278     0.006558
          12     4.225111    -0.006116     0.028948     0.006297
          13     4.563071    -0.005846     0.026448     0.005989
          14     4.897366    -0.005539     0.023911     0.005652
          15     5.227424    -0.005212     0.021443     0.005304
          16     5.552785    -0.004880     0.019118     0.004956
          17     5.873161    -0.004553     0.016988     0.004620
          18     6.188475    -0.004239     0.015083     0.004302
          19     6.498896    -0.003943     0.013412     0.004005
          20     6.804742    -0.003669     0.011973     0.003732
          21     7.106583    -0.003416     0.010746     0.003482
          22     7.405070    -0.003184     0.010277     0.003252
          23     7.700812    -0.002971     0.009834     0.003041
          24     7.994444    -0.002775     0.009366     0.002846
          25     8.286483    -0.002594     0.008879     0.002664
          26     8.577349    -0.002425     0.008379     0.002494
          27     8.867354    -0.002267     0.007869     0.002332
          28     9.156601    -0.002117     0.007354     0.002179
          29     9.445568    -0.001977     0.006837     0.002031
          30     9.734144    -0.001841     0.006324     0.001889
          31    10.022749    -0.001712     0.005847     0.001747
          32    10.310942    -0.001583     0.005515     0.001609
          33    10.597392    -0.001452     0.005135     0.001476
          34    10.885504    -0.001339     0.004715     0.001342
          35    11.172528    -0.001215     0.004266     0.001211
          36    11.460553    -0.001102     0.003793     0.001079
          37    11.746705    -0.000980     0.003321     0.000953
        rms(grad) converged!
                            #######################
                            # OPTIMIZING IRC ENDS #
                            #######################
Found 3 fragment(s) at forward_end
	forward_end_fragment_000: 3 atoms
	forward_end_fragment_001: 5 atoms
	forward_end_fragment_002: 22 atoms

Found 1 fragment(s) at backward_end
	backward_end_fragment_000: 30 atoms

                    #######################################
                    # OPTIMIZING FORWARD_END_FRAGMENT_000 #
                    #######################################
Spent 0.0 s preparing the first cycle.
cycle   max(force)    rms(force)     max(step)     rms(step)       s/cycle
    0     0.009912     0.007430     0.013079     0.010190          4.0
    1     0.000812     0.000533     0.001215     0.000985          3.3
Converged!

Final summary:
            	max(forces,internal): 0.000942 hartree/(bohr,rad)
            	rms(forces,internal): 0.000605 hartree/(bohr,rad)
        	max(forces,cartesian): 0.001239 hartree/bohr
        	rms(forces,cartesian): 0.000538 hartree/bohr
        	energy: -548.30381109 hartree
Wrote final, hopefully optimized, geometry to 'forward_end_fragment_000_final_geometry.xyz'
Moved 'forward_end_fragment_000_final_geometry.xyz' to 'forward_end_fragment_000_opt.xyz'.

                    #######################################
                    # OPTIMIZING FORWARD_END_FRAGMENT_001 #
                    #######################################
Spent 0.0 s preparing the first cycle.
cycle   max(force)    rms(force)     max(step)     rms(step)       s/cycle
    0     0.011121     0.003876     0.028960     0.011140          3.7
    1     0.003856     0.001600     0.039379     0.014555          3.1
    2     0.002469     0.000973     0.006889     0.003176          3.3
Converged!

Final summary:
            	max(forces,internal): 0.002484 hartree/(bohr,rad)
            	rms(forces,internal): 0.000976 hartree/(bohr,rad)
        	max(forces,cartesian): 0.002237 hartree/bohr
        	rms(forces,cartesian): 0.000948 hartree/bohr
        	energy: -94.50553154 hartree
Wrote final, hopefully optimized, geometry to 'forward_end_fragment_001_final_geometry.xyz'
Moved 'forward_end_fragment_001_final_geometry.xyz' to 'forward_end_fragment_001_opt.xyz'.

                    #######################################
                    # OPTIMIZING FORWARD_END_FRAGMENT_002 #
                    #######################################
Spent 0.0 s preparing the first cycle.
cycle   max(force)    rms(force)     max(step)     rms(step)       s/cycle
    0     0.013829     0.002546     0.213474     0.047458         30.3
    1     0.006113     0.001204     0.120709     0.024599         32.4
    2     0.002734     0.000470     0.036005     0.007474         33.4
    3     0.000794     0.000197     0.012296     0.003974         27.6
    4     0.000304     0.000089     0.002651     0.000887         26.0
Converged!

Final summary:
            	max(forces,internal): 0.000304 hartree/(bohr,rad)
            	rms(forces,internal): 0.000089 hartree/(bohr,rad)
        	max(forces,cartesian): 0.000626 hartree/bohr
        	rms(forces,cartesian): 0.000157 hartree/bohr
        	energy: -462.71994134 hartree
Wrote final, hopefully optimized, geometry to 'forward_end_fragment_002_final_geometry.xyz'
Moved 'forward_end_fragment_002_final_geometry.xyz' to 'forward_end_fragment_002_opt.xyz'.

                    ########################################
                    # OPTIMIZING BACKWARD_END_FRAGMENT_000 #
                    ########################################
Spent 0.0 s preparing the first cycle.
cycle   max(force)    rms(force)     max(step)     rms(step)       s/cycle
    0     0.007739     0.001698     0.168236     0.040291         64.6
    1     0.007152     0.001324     0.201500     0.039349         63.5
    2     0.013107     0.001952     0.083601     0.020146         69.2
    3     0.016588     0.002326     0.047967     0.014057         64.4
    4     0.005518     0.000767     0.039542     0.008058         63.8
    5     0.004689     0.000629     0.079352     0.016116         60.5
    6     0.002913     0.000422     0.154354     0.032233         59.3
    7     0.002798     0.000426     0.254311     0.060493         62.2
    8     0.004860     0.000854     0.037120     0.006833         64.0
    9     0.003932     0.000680     0.108039     0.023960         62.1
   10     0.002118     0.000423     0.030155     0.007909         59.1
   11     0.000643     0.000195     0.019682     0.005353         50.6
   12     0.000394     0.000087     0.006409     0.001182         50.7
Converged!

Final summary:
            	max(forces,internal): 0.000394 hartree/(bohr,rad)
            	rms(forces,internal): 0.000087 hartree/(bohr,rad)
        	max(forces,cartesian): 0.000497 hartree/bohr
        	rms(forces,cartesian): 0.000127 hartree/bohr
        	energy: -1105.56176218 hartree
Wrote final, hopefully optimized, geometry to 'backward_end_fragment_000_final_geometry.xyz'
Moved 'backward_end_fragment_000_final_geometry.xyz' to 'backward_end_fragment_000_opt.xyz'.


pysisyphus run took 34514s.
